[debug] [2025-06-22T02:38:47.479Z] ----------------------------------------------------------------------
[debug] [2025-06-22T02:38:47.480Z] Command:       /Users/okita/.nvm/versions/node/v20.19.2/bin/node /Users/okita/.nvm/versions/node/v20.19.2/bin/firebase functions:shell
[debug] [2025-06-22T02:38:47.481Z] CLI Version:   14.8.0
[debug] [2025-06-22T02:38:47.481Z] Platform:      darwin
[debug] [2025-06-22T02:38:47.481Z] Node Version:  v20.19.2
[debug] [2025-06-22T02:38:47.481Z] Time:          Sat Jun 21 2025 23:38:47 GMT-0300 (Horário Padrão de Brasília)
[debug] [2025-06-22T02:38:47.481Z] ----------------------------------------------------------------------
[debug] 
[debug] [2025-06-22T02:38:47.549Z] > command requires scopes: ["email","openid","https://www.googleapis.com/auth/cloudplatformprojects.readonly","https://www.googleapis.com/auth/firebase","https://www.googleapis.com/auth/cloud-platform"]
[debug] [2025-06-22T02:38:47.550Z] > authorizing via signed-in user (xande.okita@gmail.com)
[debug] [2025-06-22T02:38:47.550Z] [iam] checking project captcha-race for permissions ["firebase.projects.get"]
[debug] [2025-06-22T02:38:47.550Z] Checked if tokens are valid: true, expires at: 1750562410875
[debug] [2025-06-22T02:38:47.550Z] Checked if tokens are valid: true, expires at: 1750562410875
[debug] [2025-06-22T02:38:47.550Z] >>> [apiv2][query] POST https://cloudresourcemanager.googleapis.com/v1/projects/captcha-race:testIamPermissions [none]
[debug] [2025-06-22T02:38:47.550Z] >>> [apiv2][(partial)header] POST https://cloudresourcemanager.googleapis.com/v1/projects/captcha-race:testIamPermissions x-goog-quota-user=projects/captcha-race
[debug] [2025-06-22T02:38:47.551Z] >>> [apiv2][body] POST https://cloudresourcemanager.googleapis.com/v1/projects/captcha-race:testIamPermissions {"permissions":["firebase.projects.get"]}
[debug] [2025-06-22T02:38:48.590Z] <<< [apiv2][status] POST https://cloudresourcemanager.googleapis.com/v1/projects/captcha-race:testIamPermissions 200
[debug] [2025-06-22T02:38:48.591Z] <<< [apiv2][body] POST https://cloudresourcemanager.googleapis.com/v1/projects/captcha-race:testIamPermissions {"permissions":["firebase.projects.get"]}
[warn] ⚠  functions: Functions Emulator unable to start on port 5000, starting on 5001 instead. {"metadata":{"emulator":{"name":"functions"},"message":"Functions Emulator unable to start on port 5000, starting on 5001 instead."}}
[debug] [2025-06-22T02:38:48.703Z] [functions] Functions Emulator only supports listening on one address (127.0.0.1). Not listening on ::1
[debug] [2025-06-22T02:38:48.707Z] defaultcredentials: writing to file /Users/okita/.config/firebase/xande_okita_gmail.com_application_default_credentials.json
[debug] [2025-06-22T02:38:48.708Z] DEBUG: Setting GAC to /Users/okita/.config/firebase/xande_okita_gmail.com_application_default_credentials.json
[debug] [2025-06-22T02:38:48.708Z] Checked if tokens are valid: true, expires at: 1750562410875
[debug] [2025-06-22T02:38:48.708Z] Checked if tokens are valid: true, expires at: 1750562410875
[debug] [2025-06-22T02:38:48.708Z] >>> [apiv2][query] GET https://firebase.googleapis.com/v1beta1/projects/captcha-race/adminSdkConfig [none]
[debug] [2025-06-22T02:38:49.152Z] <<< [apiv2][status] GET https://firebase.googleapis.com/v1beta1/projects/captcha-race/adminSdkConfig 200
[debug] [2025-06-22T02:38:49.152Z] <<< [apiv2][body] GET https://firebase.googleapis.com/v1beta1/projects/captcha-race/adminSdkConfig {"projectId":"captcha-race","storageBucket":"captcha-race.firebasestorage.app"}
[debug] [2025-06-22T02:38:49.169Z] [functions] Watching "/Users/okita/projects/okita-space/captcha-race/functions" for Cloud Functions...
[debug] [2025-06-22T02:38:49.172Z] Validating nodejs source
[debug] [2025-06-22T02:38:49.441Z] > [functions] package.json contents: {
  "name": "functions",
  "scripts": {
    "lint": "eslint .",
    "lint:fix": "eslint . --fix",
    "build": "tsc",
    "build:watch": "tsc --watch",
    "serve": "npm run build && firebase emulators:start --only functions",
    "shell": "npm run build && firebase functions:shell",
    "start": "npm run shell",
    "deploy": "firebase deploy --only functions",
    "logs": "firebase functions:log"
  },
  "engines": {
    "node": "20"
  },
  "main": "lib/index.js",
  "dependencies": {
    "firebase-admin": "^12.6.0",
    "firebase-functions": "^6.0.1",
    "svg-captcha": "^1.4.0"
  },
  "devDependencies": {
    "@typescript-eslint/eslint-plugin": "^5.12.0",
    "@typescript-eslint/parser": "^5.12.0",
    "eslint": "^8.9.0",
    "eslint-config-google": "^0.14.0",
    "eslint-config-prettier": "^10.1.5",
    "eslint-plugin-import": "^2.25.4",
    "eslint-plugin-prettier": "^5.5.0",
    "firebase-functions-test": "^3.1.0",
    "prettier": "^3.5.3",
    "typescript": "^5.7.3",
    "typescript-eslint": "^8.34.1"
  },
  "private": true
}
[debug] [2025-06-22T02:38:49.441Z] Building nodejs source
[debug] [2025-06-22T02:38:49.441Z] Failed to find version of module node: reached end of search path /Users/okita/projects/okita-space/captcha-race/functions/node_modules
[info] ✔  functions: Using node@20 from host. 
[debug] [2025-06-22T02:38:49.442Z] Could not find functions.yaml. Must use http discovery
[debug] [2025-06-22T02:38:49.445Z] Found firebase-functions binary at '/Users/okita/projects/okita-space/captcha-race/functions/node_modules/.bin/firebase-functions'
[info] Serving at port 8966

[debug] [2025-06-22T02:38:49.558Z] Got response from /__/functions.yaml {"endpoints":{"generateCaptchaFunction":{"platform":"gcfv1","availableMemoryMb":null,"timeoutSeconds":null,"minInstances":null,"maxInstances":null,"ingressSettings":null,"serviceAccountEmail":null,"vpc":null,"scheduleTrigger":{"schedule":"0 0 * * *","retryConfig":{"retryCount":null,"maxDoublings":null,"maxRetryDuration":null,"maxBackoffDuration":null,"minBackoffDuration":null},"timeZone":"America/Sao_Paulo"},"labels":{},"entryPoint":"generateCaptchaFunction"}},"specVersion":"v1alpha1","requiredAPIs":[{"api":"cloudscheduler.googleapis.com","reason":"Needed for scheduled functions."}],"extensions":{}}
[debug] [2025-06-22T02:38:53.581Z] [functions] Loaded functions definitions from source: generateCaptchaFunction.
[debug] [2025-06-22T02:38:53.583Z] [functions[us-central1-generateCaptchaFunction]] function ignored because the pubsub emulator does not exist or is not running.
[info] i  functions: Loaded functions: generateCaptchaFunction 
[warn] ⚠  functions: The following emulators are not running, calls to these services will affect production: firestore, database, pubsub, storage, eventarc, tasks 
[debug] [2025-06-22T02:38:55.950Z] shell:generateCaptchaFunction: trigger={"entryPoint":"generateCaptchaFunction","platform":"gcfv1","region":"us-central1","name":"generateCaptchaFunction","id":"us-central1-generateCaptchaFunction","codebase":"default","availableMemoryMb":256,"labels":{"EVENTARC_CLOUD_EVENT_SOURCE":"cloudfunctions-emulated.googleapis.com/projects/captcha-race/locations/us-central1/functions/generateCaptchaFunction"},"timeoutSeconds":60,"secretEnvironmentVariables":[],"eventTrigger":{"eventType":"pubsub","resource":""},"schedule":{"schedule":"0 0 * * *","timeZone":"America/Sao_Paulo","retryConfig":{"maxBackoffSeconds":null,"minBackoffSeconds":null,"maxRetrySeconds":null,"retryCount":null,"maxDoublings":null}}}
[debug] [2025-06-22T02:38:55.951Z] shell:generateCaptchaFunction: opts={}, data={}
[debug] [2025-06-22T02:38:55.957Z] DEBUG: [worker-pool] addWorker(us-central1-generateCaptchaFunction)
[debug] [2025-06-22T02:38:55.958Z] DEBUG: [worker-pool] Adding worker with key us-central1-generateCaptchaFunction, total=1
[debug] [2025-06-22T02:38:56.317Z] DEBUG: [runtime-status] [92420] Resolved module firebase-admin {"declared":true,"installed":true,"version":"12.7.0","resolution":"/Users/okita/projects/okita-space/captcha-race/functions/node_modules/firebase-admin/lib/index.js"}
[debug] [2025-06-22T02:38:56.317Z] DEBUG: [runtime-status] [92420] Resolved module firebase-functions {"declared":true,"installed":true,"version":"6.3.2","resolution":"/Users/okita/projects/okita-space/captcha-race/functions/node_modules/firebase-functions/lib/v2/index.js"}
[debug] [2025-06-22T02:38:56.317Z] DEBUG: [runtime-status] [92420] Outgoing network have been stubbed. [{"name":"http","status":"mocked"},{"name":"http","status":"mocked"},{"name":"https","status":"mocked"},{"name":"https","status":"mocked"},{"name":"net","status":"mocked"}]
[debug] [2025-06-22T02:38:56.317Z] DEBUG: [runtime-status] [92420] Resolved module firebase-functions {"declared":true,"installed":true,"version":"6.3.2","resolution":"/Users/okita/projects/okita-space/captcha-race/functions/node_modules/firebase-functions/lib/v2/index.js"}
[debug] [2025-06-22T02:38:56.360Z] DEBUG: [runtime-status] [92420] Checked functions.config() {"config":{}}
[debug] [2025-06-22T02:38:56.360Z] DEBUG: [runtime-status] [92420] firebase-functions has been stubbed. {"functionsResolution":{"declared":true,"installed":true,"version":"6.3.2","resolution":"/Users/okita/projects/okita-space/captcha-race/functions/node_modules/firebase-functions/lib/v2/index.js"}}
[debug] [2025-06-22T02:38:56.360Z] DEBUG: [runtime-status] [92420] Resolved module firebase-functions {"declared":true,"installed":true,"version":"6.3.2","resolution":"/Users/okita/projects/okita-space/captcha-race/functions/node_modules/firebase-functions/lib/v2/index.js"}
[debug] [2025-06-22T02:38:56.361Z] DEBUG: [runtime-status] [92420] Resolved module firebase-admin {"declared":true,"installed":true,"version":"12.7.0","resolution":"/Users/okita/projects/okita-space/captcha-race/functions/node_modules/firebase-admin/lib/index.js"}
[debug] [2025-06-22T02:38:56.361Z] DEBUG: [runtime-status] [92420] Resolved module firebase-functions {"declared":true,"installed":true,"version":"6.3.2","resolution":"/Users/okita/projects/okita-space/captcha-race/functions/node_modules/firebase-functions/lib/v2/index.js"}
[debug] [2025-06-22T02:38:56.361Z] DEBUG: [runtime-status] [92420] firebase-admin has been stubbed. {"adminResolution":{"declared":true,"installed":true,"version":"12.7.0","resolution":"/Users/okita/projects/okita-space/captcha-race/functions/node_modules/firebase-admin/lib/index.js"}}
[debug] [2025-06-22T02:38:56.361Z] DEBUG: [runtime-status] [92420] initializeApp(DEFAULT) {"storageBucket":"captcha-race.firebasestorage.app","projectId":"captcha-race"}
[debug] [2025-06-22T02:38:56.371Z] DEBUG: [runtime-status] [92420] Functions runtime initialized. {"cwd":"/Users/okita/projects/okita-space/captcha-race/functions","node_version":"20.19.2"}
[debug] [2025-06-22T02:38:56.371Z] DEBUG: [runtime-status] [92420] Listening to port: /var/folders/61/_x626xfn2y58dxwf7_1tfh0m0000gn/T/fire_emu_1fc3edb0d615f2f0.sock
[debug] [2025-06-22T02:38:56.469Z] DEBUG: [worker-us-central1-generateCaptchaFunction-3a82a8c5-0a5d-4af5-b935-dc2ef559cc2b]: IDLE
[debug] [2025-06-22T02:38:56.476Z] DEBUG: [runtime-status] [92420] RunBackground {"data":{},"context":{"eventId":"19aeb430-56ef-4c09-a299-a3120c2ce8c9","timestamp":"2025-06-22T02:38:55.951Z","eventType":"pubsub","auth":{"admin":false}}}
[warn] ⚠  Google API requested!
   - URL: "https://oauth2.googleapis.com/token"
   - Be careful, this may be a production service. {"metadata":{"emulator":{"name":"functions"},"function":{"name":"us-central1-generateCaptchaFunction"},"extension":{},"message":"Google API requested!\n   - URL: \"https://oauth2.googleapis.com/token\"\n   - Be careful, this may be a production service."}}
[warn] ⚠  Google API requested!
   - URL: "https://storage.googleapis.com/upload/storage/v1/b/captcha-race.firebasestorage.app/o?name=captchas%2F2025-06-22-0.svg&uploadType=resumable"
   - Be careful, this may be a production service. {"metadata":{"emulator":{"name":"functions"},"function":{"name":"us-central1-generateCaptchaFunction"},"extension":{},"message":"Google API requested!\n   - URL: \"https://storage.googleapis.com/upload/storage/v1/b/captcha-race.firebasestorage.app/o?name=captchas%2F2025-06-22-0.svg&uploadType=resumable\"\n   - Be careful, this may be a production service."}}
[warn] ⚠  Google API requested!
   - URL: "https://storage.googleapis.com/upload/storage/v1/b/captcha-race.firebasestorage.app/o?name=captchas%2F2025-06-22-0.svg&uploadType=resumable&upload_id=ABgVH884U_24F6nhay8Fjtn601gwpRmbT9nnqRLbfapiiAV9OHe4J-7RMyjgRlF0YU421Teq5vQ9hFKkd2baD2Q_7xAN1_YacCOPCzT9oUm3ptA"
   - Be careful, this may be a production service. {"metadata":{"emulator":{"name":"functions"},"function":{"name":"us-central1-generateCaptchaFunction"},"extension":{},"message":"Google API requested!\n   - URL: \"https://storage.googleapis.com/upload/storage/v1/b/captcha-race.firebasestorage.app/o?name=captchas%2F2025-06-22-0.svg&uploadType=resumable&upload_id=ABgVH884U_24F6nhay8Fjtn601gwpRmbT9nnqRLbfapiiAV9OHe4J-7RMyjgRlF0YU421Teq5vQ9hFKkd2baD2Q_7xAN1_YacCOPCzT9oUm3ptA\"\n   - Be careful, this may be a production service."}}
[warn] ⚠  Google API requested!
   - URL: "https://storage.googleapis.com/upload/storage/v1/b/captcha-race.firebasestorage.app/o?name=captchas%2F2025-06-22-1.svg&uploadType=resumable"
   - Be careful, this may be a production service. {"metadata":{"emulator":{"name":"functions"},"function":{"name":"us-central1-generateCaptchaFunction"},"extension":{},"message":"Google API requested!\n   - URL: \"https://storage.googleapis.com/upload/storage/v1/b/captcha-race.firebasestorage.app/o?name=captchas%2F2025-06-22-1.svg&uploadType=resumable\"\n   - Be careful, this may be a production service."}}
[warn] ⚠  Google API requested!
   - URL: "https://storage.googleapis.com/upload/storage/v1/b/captcha-race.firebasestorage.app/o?name=captchas%2F2025-06-22-1.svg&uploadType=resumable&upload_id=ABgVH8_5H9StZLJMTJ8tsEtP9eHKC3HsIjmPdqD3lPRrbY3xhJIMZDR9kptK0wwToF-a1_S4iMb3mRndoaPfh1RVt9FHmdOIieJ0n84jbhBPIL0"
   - Be careful, this may be a production service. {"metadata":{"emulator":{"name":"functions"},"function":{"name":"us-central1-generateCaptchaFunction"},"extension":{},"message":"Google API requested!\n   - URL: \"https://storage.googleapis.com/upload/storage/v1/b/captcha-race.firebasestorage.app/o?name=captchas%2F2025-06-22-1.svg&uploadType=resumable&upload_id=ABgVH8_5H9StZLJMTJ8tsEtP9eHKC3HsIjmPdqD3lPRrbY3xhJIMZDR9kptK0wwToF-a1_S4iMb3mRndoaPfh1RVt9FHmdOIieJ0n84jbhBPIL0\"\n   - Be careful, this may be a production service."}}
[warn] ⚠  Google API requested!
   - URL: "https://storage.googleapis.com/upload/storage/v1/b/captcha-race.firebasestorage.app/o?name=captchas%2F2025-06-22-2.svg&uploadType=resumable"
   - Be careful, this may be a production service. {"metadata":{"emulator":{"name":"functions"},"function":{"name":"us-central1-generateCaptchaFunction"},"extension":{},"message":"Google API requested!\n   - URL: \"https://storage.googleapis.com/upload/storage/v1/b/captcha-race.firebasestorage.app/o?name=captchas%2F2025-06-22-2.svg&uploadType=resumable\"\n   - Be careful, this may be a production service."}}
[warn] ⚠  Google API requested!
   - URL: "https://storage.googleapis.com/upload/storage/v1/b/captcha-race.firebasestorage.app/o?name=captchas%2F2025-06-22-2.svg&uploadType=resumable&upload_id=ABgVH8-qHRLr_i9Qjukzxv7FaEj7aYCtEXymE7sDOrSV4NQIyv74Fb1h_vr7OxXVs2YNVUcBrgwJMjxasl6ViibuwuR1ST4HwWMDtb_cmZb6yDA"
   - Be careful, this may be a production service. {"metadata":{"emulator":{"name":"functions"},"function":{"name":"us-central1-generateCaptchaFunction"},"extension":{},"message":"Google API requested!\n   - URL: \"https://storage.googleapis.com/upload/storage/v1/b/captcha-race.firebasestorage.app/o?name=captchas%2F2025-06-22-2.svg&uploadType=resumable&upload_id=ABgVH8-qHRLr_i9Qjukzxv7FaEj7aYCtEXymE7sDOrSV4NQIyv74Fb1h_vr7OxXVs2YNVUcBrgwJMjxasl6ViibuwuR1ST4HwWMDtb_cmZb6yDA\"\n   - Be careful, this may be a production service."}}
[warn] ⚠  Google API requested!
   - URL: "https://storage.googleapis.com/upload/storage/v1/b/captcha-race.firebasestorage.app/o?name=captchas%2F2025-06-22-3.svg&uploadType=resumable"
   - Be careful, this may be a production service. {"metadata":{"emulator":{"name":"functions"},"function":{"name":"us-central1-generateCaptchaFunction"},"extension":{},"message":"Google API requested!\n   - URL: \"https://storage.googleapis.com/upload/storage/v1/b/captcha-race.firebasestorage.app/o?name=captchas%2F2025-06-22-3.svg&uploadType=resumable\"\n   - Be careful, this may be a production service."}}
[warn] ⚠  Google API requested!
   - URL: "https://storage.googleapis.com/upload/storage/v1/b/captcha-race.firebasestorage.app/o?name=captchas%2F2025-06-22-3.svg&uploadType=resumable&upload_id=ABgVH89gxmeEsjuW4rKn-blyMBNYOrvA5HU7irgCBcQJ1I1R6e9fv0_7gxH7t7E5tC6rdm12HJzxCd9joYZYOR3bA4-5lBpPYOhmyxnBNDSYCbA"
   - Be careful, this may be a production service. {"metadata":{"emulator":{"name":"functions"},"function":{"name":"us-central1-generateCaptchaFunction"},"extension":{},"message":"Google API requested!\n   - URL: \"https://storage.googleapis.com/upload/storage/v1/b/captcha-race.firebasestorage.app/o?name=captchas%2F2025-06-22-3.svg&uploadType=resumable&upload_id=ABgVH89gxmeEsjuW4rKn-blyMBNYOrvA5HU7irgCBcQJ1I1R6e9fv0_7gxH7t7E5tC6rdm12HJzxCd9joYZYOR3bA4-5lBpPYOhmyxnBNDSYCbA\"\n   - Be careful, this may be a production service."}}
[warn] ⚠  Google API requested!
   - URL: "https://storage.googleapis.com/upload/storage/v1/b/captcha-race.firebasestorage.app/o?name=captchas%2F2025-06-22-4.svg&uploadType=resumable"
   - Be careful, this may be a production service. {"metadata":{"emulator":{"name":"functions"},"function":{"name":"us-central1-generateCaptchaFunction"},"extension":{},"message":"Google API requested!\n   - URL: \"https://storage.googleapis.com/upload/storage/v1/b/captcha-race.firebasestorage.app/o?name=captchas%2F2025-06-22-4.svg&uploadType=resumable\"\n   - Be careful, this may be a production service."}}
[warn] ⚠  Google API requested!
   - URL: "https://storage.googleapis.com/upload/storage/v1/b/captcha-race.firebasestorage.app/o?name=captchas%2F2025-06-22-4.svg&uploadType=resumable&upload_id=ABgVH88i7WyXjtsZ38smELH-byP-kf1SxiZUV01Jxta4wLkIodZ842Bpk310l9MYc0kcWdBFEW0nEbYnfiTKAn0BurUaqxkg6i6to3ZFVCrqyg"
   - Be careful, this may be a production service. {"metadata":{"emulator":{"name":"functions"},"function":{"name":"us-central1-generateCaptchaFunction"},"extension":{},"message":"Google API requested!\n   - URL: \"https://storage.googleapis.com/upload/storage/v1/b/captcha-race.firebasestorage.app/o?name=captchas%2F2025-06-22-4.svg&uploadType=resumable&upload_id=ABgVH88i7WyXjtsZ38smELH-byP-kf1SxiZUV01Jxta4wLkIodZ842Bpk310l9MYc0kcWdBFEW0nEbYnfiTKAn0BurUaqxkg6i6to3ZFVCrqyg\"\n   - Be careful, this may be a production service."}}
[warn] ⚠  Google API requested!
   - URL: "https://storage.googleapis.com/upload/storage/v1/b/captcha-race.firebasestorage.app/o?name=captchas%2F2025-06-22-5.svg&uploadType=resumable"
   - Be careful, this may be a production service. {"metadata":{"emulator":{"name":"functions"},"function":{"name":"us-central1-generateCaptchaFunction"},"extension":{},"message":"Google API requested!\n   - URL: \"https://storage.googleapis.com/upload/storage/v1/b/captcha-race.firebasestorage.app/o?name=captchas%2F2025-06-22-5.svg&uploadType=resumable\"\n   - Be careful, this may be a production service."}}
[warn] ⚠  Google API requested!
   - URL: "https://storage.googleapis.com/upload/storage/v1/b/captcha-race.firebasestorage.app/o?name=captchas%2F2025-06-22-5.svg&uploadType=resumable&upload_id=ABgVH89g9x-qtxbMtFcZI2GQapXVhFjUpgYxFjZXLpivFhtlG5CH4KuaF11URKuKO0--k6VBfSj44COdMtYdLl7q5HJitXeNUB_I0pFNcIlHGg"
   - Be careful, this may be a production service. {"metadata":{"emulator":{"name":"functions"},"function":{"name":"us-central1-generateCaptchaFunction"},"extension":{},"message":"Google API requested!\n   - URL: \"https://storage.googleapis.com/upload/storage/v1/b/captcha-race.firebasestorage.app/o?name=captchas%2F2025-06-22-5.svg&uploadType=resumable&upload_id=ABgVH89g9x-qtxbMtFcZI2GQapXVhFjUpgYxFjZXLpivFhtlG5CH4KuaF11URKuKO0--k6VBfSj44COdMtYdLl7q5HJitXeNUB_I0pFNcIlHGg\"\n   - Be careful, this may be a production service."}}
[warn] ⚠  Google API requested!
   - URL: "https://storage.googleapis.com/upload/storage/v1/b/captcha-race.firebasestorage.app/o?name=captchas%2F2025-06-22-6.svg&uploadType=resumable"
   - Be careful, this may be a production service. {"metadata":{"emulator":{"name":"functions"},"function":{"name":"us-central1-generateCaptchaFunction"},"extension":{},"message":"Google API requested!\n   - URL: \"https://storage.googleapis.com/upload/storage/v1/b/captcha-race.firebasestorage.app/o?name=captchas%2F2025-06-22-6.svg&uploadType=resumable\"\n   - Be careful, this may be a production service."}}
[warn] ⚠  Google API requested!
   - URL: "https://storage.googleapis.com/upload/storage/v1/b/captcha-race.firebasestorage.app/o?name=captchas%2F2025-06-22-6.svg&uploadType=resumable&upload_id=ABgVH8-ec_TFX8hBvNcl9VnOQcUaMTPZw1bFGmK9Awc48YGsvon5qUZNIuwHkgNzJ3cIaMvYx3K56yazZ6Zj9TEL42nxjttjbe4Sb4d2P4L_TA"
   - Be careful, this may be a production service. {"metadata":{"emulator":{"name":"functions"},"function":{"name":"us-central1-generateCaptchaFunction"},"extension":{},"message":"Google API requested!\n   - URL: \"https://storage.googleapis.com/upload/storage/v1/b/captcha-race.firebasestorage.app/o?name=captchas%2F2025-06-22-6.svg&uploadType=resumable&upload_id=ABgVH8-ec_TFX8hBvNcl9VnOQcUaMTPZw1bFGmK9Awc48YGsvon5qUZNIuwHkgNzJ3cIaMvYx3K56yazZ6Zj9TEL42nxjttjbe4Sb4d2P4L_TA\"\n   - Be careful, this may be a production service."}}
[warn] ⚠  Google API requested!
   - URL: "https://storage.googleapis.com/upload/storage/v1/b/captcha-race.firebasestorage.app/o?name=captchas%2F2025-06-22-7.svg&uploadType=resumable"
   - Be careful, this may be a production service. {"metadata":{"emulator":{"name":"functions"},"function":{"name":"us-central1-generateCaptchaFunction"},"extension":{},"message":"Google API requested!\n   - URL: \"https://storage.googleapis.com/upload/storage/v1/b/captcha-race.firebasestorage.app/o?name=captchas%2F2025-06-22-7.svg&uploadType=resumable\"\n   - Be careful, this may be a production service."}}
[warn] ⚠  Google API requested!
   - URL: "https://storage.googleapis.com/upload/storage/v1/b/captcha-race.firebasestorage.app/o?name=captchas%2F2025-06-22-7.svg&uploadType=resumable&upload_id=ABgVH8-cD6uaM8qNq156BT-6I9eEUlOeUxV5YR0v9HsPR2JffmOaKGJbzv9lRxm-fM57_tJwbJpfouVhtN0sqiotYEWjy-YdEDj6UeuYjp0YxbM"
   - Be careful, this may be a production service. {"metadata":{"emulator":{"name":"functions"},"function":{"name":"us-central1-generateCaptchaFunction"},"extension":{},"message":"Google API requested!\n   - URL: \"https://storage.googleapis.com/upload/storage/v1/b/captcha-race.firebasestorage.app/o?name=captchas%2F2025-06-22-7.svg&uploadType=resumable&upload_id=ABgVH8-cD6uaM8qNq156BT-6I9eEUlOeUxV5YR0v9HsPR2JffmOaKGJbzv9lRxm-fM57_tJwbJpfouVhtN0sqiotYEWjy-YdEDj6UeuYjp0YxbM\"\n   - Be careful, this may be a production service."}}
[warn] ⚠  Google API requested!
   - URL: "https://storage.googleapis.com/upload/storage/v1/b/captcha-race.firebasestorage.app/o?name=captchas%2F2025-06-22-8.svg&uploadType=resumable"
   - Be careful, this may be a production service. {"metadata":{"emulator":{"name":"functions"},"function":{"name":"us-central1-generateCaptchaFunction"},"extension":{},"message":"Google API requested!\n   - URL: \"https://storage.googleapis.com/upload/storage/v1/b/captcha-race.firebasestorage.app/o?name=captchas%2F2025-06-22-8.svg&uploadType=resumable\"\n   - Be careful, this may be a production service."}}
[warn] ⚠  Google API requested!
   - URL: "https://storage.googleapis.com/upload/storage/v1/b/captcha-race.firebasestorage.app/o?name=captchas%2F2025-06-22-8.svg&uploadType=resumable&upload_id=ABgVH8_NHY8cKloRL2SH2Rlz10LoABoJ7sxpmJ2UV_7RXICcfLIWvnq-I3mDbS-leOKONZ4ep76PL3uTOj4oAD2ufva581k0vrLFAick144q9cs"
   - Be careful, this may be a production service. {"metadata":{"emulator":{"name":"functions"},"function":{"name":"us-central1-generateCaptchaFunction"},"extension":{},"message":"Google API requested!\n   - URL: \"https://storage.googleapis.com/upload/storage/v1/b/captcha-race.firebasestorage.app/o?name=captchas%2F2025-06-22-8.svg&uploadType=resumable&upload_id=ABgVH8_NHY8cKloRL2SH2Rlz10LoABoJ7sxpmJ2UV_7RXICcfLIWvnq-I3mDbS-leOKONZ4ep76PL3uTOj4oAD2ufva581k0vrLFAick144q9cs\"\n   - Be careful, this may be a production service."}}
[warn] ⚠  Google API requested!
   - URL: "https://storage.googleapis.com/upload/storage/v1/b/captcha-race.firebasestorage.app/o?name=captchas%2F2025-06-22-9.svg&uploadType=resumable"
   - Be careful, this may be a production service. {"metadata":{"emulator":{"name":"functions"},"function":{"name":"us-central1-generateCaptchaFunction"},"extension":{},"message":"Google API requested!\n   - URL: \"https://storage.googleapis.com/upload/storage/v1/b/captcha-race.firebasestorage.app/o?name=captchas%2F2025-06-22-9.svg&uploadType=resumable\"\n   - Be careful, this may be a production service."}}
[warn] ⚠  Google API requested!
   - URL: "https://storage.googleapis.com/upload/storage/v1/b/captcha-race.firebasestorage.app/o?name=captchas%2F2025-06-22-9.svg&uploadType=resumable&upload_id=ABgVH8_B6vN6tnN-xy44eTVrL-GiWHx6mDd8XKLGgng7Q4EoerqrAjK418oEtUzl7klq8lU-wbAIP6obTRqh3TemLXIAemJ5EHd8zXCm4YVSeA"
   - Be careful, this may be a production service. {"metadata":{"emulator":{"name":"functions"},"function":{"name":"us-central1-generateCaptchaFunction"},"extension":{},"message":"Google API requested!\n   - URL: \"https://storage.googleapis.com/upload/storage/v1/b/captcha-race.firebasestorage.app/o?name=captchas%2F2025-06-22-9.svg&uploadType=resumable&upload_id=ABgVH8_B6vN6tnN-xy44eTVrL-GiWHx6mDd8XKLGgng7Q4EoerqrAjK418oEtUzl7klq8lU-wbAIP6obTRqh3TemLXIAemJ5EHd8zXCm4YVSeA\"\n   - Be careful, this may be a production service."}}
